<?xml version="1.0" encoding="UTF-8"?>
<!-- Generated by org.testng.reporters.JUnitReportReporter -->
<testsuite skipped="2" hostname="DESKTOP-EE2FFUD" name="testng.TestNGAnnotations" tests="5" failures="0" timestamp="2020-04-01T10:33:33 EDT" time="0.013" errors="0">
  <testcase name="testMethod2" time="0.001" classname="testng.TestNGAnnotations">
    <skipped/>
  </testcase> <!-- testMethod2 -->
  <testcase name="testMethod4" time="0.001" classname="testng.TestNGAnnotations">
    <skipped/>
  </testcase> <!-- testMethod4 -->
  <testcase name="testMethod1" time="0.006" classname="testng.TestNGAnnotations"/>
  <testcase name="testMethod3" time="0.002" classname="testng.TestNGAnnotations"/>
  <testcase name="testMethod5" time="0.003" classname="testng.TestNGAnnotations"/>
</testsuite> <!-- testng.TestNGAnnotations -->
