<?xml version="1.0" encoding="UTF-8"?>
<!-- Generated by org.testng.reporters.JUnitReportReporter -->
<testsuite skipped="0" hostname="DESKTOP-EE2FFUD" name="testng.DataProviderDemo" tests="4" failures="0" timestamp="2019-10-15T00:28:02 EDT" time="120.803" errors="0">
  <testcase name="loginToApplication" time="16.721" classname="testng.DataProviderDemo"/>
  <testcase name="loginToApplication" time="26.476" classname="testng.DataProviderDemo"/>
  <testcase name="loginToApplication" time="29.646" classname="testng.DataProviderDemo"/>
  <testcase name="loginToApplication" time="47.960" classname="testng.DataProviderDemo"/>
</testsuite> <!-- testng.DataProviderDemo -->
